2019-08-09 07:40:47: : URL: /master.html

2019-08-09 07:40:47: : MATCHES: /master.html

2019-08-09 07:40:47: : KEY: ^/musicplayer$

2019-08-09 07:40:47: : URL: /master.html

2019-08-09 07:40:47: : MATCHES: /views/master.phtml

2019-08-09 07:40:47: : KEY: ^/master.html$

2019-08-09 07:40:47: : PATH::app/views/master.phtml


2019-08-09 07:40:47: : BASEURL::Array
(
    [path] => /views/master.phtml
)



2019-08-09 07:40:47: : IS FOUND::TRUE


2019-08-09 07:40:47: : PARAMETERS::Array
(
)



2019-08-09 07:40:47: : TRANSLATED ROUTE::app/views/master.phtml

2019-08-09 07:40:47: : TRANSLATED SRC ROUTE::/Users/david/Sites/CodePhoenixOrg/SDK/php/SoL/src/app/views/master.phtml

2019-08-09 07:40:47: : TRANSLATED PHINK ROUTE::/Users/david/Sites/CodePhoenixOrg/SDK/php/SoL/app/views/master.phtml

2019-08-09 07:40:47: : Phink\Auth\TAuthentication::renewToken::TOKEN::undefined

2019-08-09 07:40:47: : MVC FILE NAMES FOR 5d4d075f5c6c85.78968066::Array
(
    [parentUID] => 
    [id] => noname
    [name] => master
    [view] => app/views/master.phtml
    [controller] => app/controllers/master.class.php
    [css] => app/views/master.css
    [js] => app/controllers/master.js
    [cache] => Array
        (
            [controller] => /Users/david/Sites/CodePhoenixOrg/SDK/php/SoL/src/runtime/app_controllers_master.class.php
            [css] => /Users/david/Sites/CodePhoenixOrg/SDK/php/SoL/src/css/runtime/app_controllers_master.css
            [js] => /Users/david/Sites/CodePhoenixOrg/SDK/php/SoL/src/js/runtime/app_controllers_master.js
        )

)



2019-08-09 07:40:47:c/phink/mvc/custom_view.php:131 : master IS REGISTERED : TRUE

2019-08-09 07:40:47:c/phink/mvc/custom_view.php:138 : PARSE SRC ROOT FILE : app/views/master.phtml

2019-08-09 07:40:47:c/phink/mvc/custom_view.php:200 : SOMETHING TO CACHE : /Users/david/Sites/CodePhoenixOrg/SDK/php/SoL/src/runtime/app_controllers_master.class.php

2019-08-09 07:40:47: : PARENT OBJECT::TView


2019-08-09 07:40:47: : PARENT OBJECT::Master


2019-08-09 07:40:47: : CACHE FILE NAME TO INCLUDE: /Users/david/Sites/CodePhoenixOrg/SDK/php/SoL/src/runtime/app_controllers_master.class.php

2019-08-09 07:40:47: : Phink\Core\TObject::invoke::INVOKE_ACTION::getViewHtml()

2019-08-09 07:40:47: : URL: /home.html

2019-08-09 07:40:47: : MATCHES: /home.html

2019-08-09 07:40:47: : KEY: ^/musicplayer$

2019-08-09 07:40:47: : URL: /home.html

2019-08-09 07:40:47: : MATCHES: /home.html

2019-08-09 07:40:47: : KEY: ^/master.html$

2019-08-09 07:40:47: : URL: /home.html

2019-08-09 07:40:47: : MATCHES: /home.html

2019-08-09 07:40:47: : KEY: ^/login.html$

2019-08-09 07:40:47: : URL: /home.html

2019-08-09 07:40:47: : MATCHES: /home.html

2019-08-09 07:40:47: : KEY: ^/admin.html$

2019-08-09 07:40:47: : URL: /home.html

2019-08-09 07:40:47: : MATCHES: /views/home.phtml

2019-08-09 07:40:47: : KEY: ^/home.html$

2019-08-09 07:40:47: : PATH::app/views/home.phtml


2019-08-09 07:40:47: : BASEURL::Array
(
    [path] => /views/home.phtml
)



2019-08-09 07:40:47: : IS FOUND::TRUE


2019-08-09 07:40:47: : PARAMETERS::Array
(
)



2019-08-09 07:40:47: : TRANSLATED ROUTE::app/views/home.phtml

2019-08-09 07:40:47: : TRANSLATED SRC ROUTE::/Users/david/Sites/CodePhoenixOrg/SDK/php/SoL/src/app/views/home.phtml

2019-08-09 07:40:47: : TRANSLATED PHINK ROUTE::/Users/david/Sites/CodePhoenixOrg/SDK/php/SoL/app/views/home.phtml

2019-08-09 07:40:47: : Phink\Auth\TAuthentication::renewToken::TOKEN::MTE5MTQ0MTk0NWQ0ZDA3NWY1YmNjOA==

2019-08-09 07:40:47: : MVC FILE NAMES FOR 5d4d075f68c8d4.37110602::Array
(
    [parentUID] => 
    [id] => noname
    [name] => home
    [view] => app/views/home.phtml
    [controller] => app/controllers/home.class.php
    [css] => app/views/home.css
    [js] => app/controllers/home.js
    [cache] => Array
        (
            [controller] => /Users/david/Sites/CodePhoenixOrg/SDK/php/SoL/src/runtime/app_controllers_home.class.php
            [css] => /Users/david/Sites/CodePhoenixOrg/SDK/php/SoL/src/css/runtime/app_controllers_home.css
            [js] => /Users/david/Sites/CodePhoenixOrg/SDK/php/SoL/src/js/runtime/app_controllers_home.js
        )

)



2019-08-09 07:40:47:c/phink/mvc/custom_view.php:131 : home IS REGISTERED : TRUE

2019-08-09 07:40:47:c/phink/mvc/custom_view.php:138 : PARSE SRC ROOT FILE : app/views/home.phtml

2019-08-09 07:40:47: : FULL_CLASS_PATH::app/controllers/dummy.class.php


2019-08-09 07:40:47:c/phink/autoloader.php:200 : Phink\TAutoloader::includeClass::app/controllers/dummy.class.php

2019-08-09 07:40:47: : FULL_QUALIFIED_CLASS_NAME: ::SoL\Controllers\Dummy


2019-08-09 07:40:47: : FULL_CLASS_PATH::app/controllers/abcArtists.class.php


2019-08-09 07:40:47:c/phink/autoloader.php:200 : Phink\TAutoloader::includeClass::app/controllers/abcArtists.class.php

2019-08-09 07:40:47: : FULL_QUALIFIED_CLASS_NAME: ::SoL\Controllers\AbcArtists


2019-08-09 07:40:47: : FULL_CLASS_PATH::app/controllers/abcAlbums.class.php


2019-08-09 07:40:47:c/phink/autoloader.php:200 : Phink\TAutoloader::includeClass::app/controllers/abcAlbums.class.php

2019-08-09 07:40:47: : FULL_QUALIFIED_CLASS_NAME: ::SoL\Controllers\AbcAlbums


2019-08-09 07:40:47: : FULL_CLASS_PATH::app/controllers/abcYears.class.php


2019-08-09 07:40:47:c/phink/autoloader.php:200 : Phink\TAutoloader::includeClass::app/controllers/abcYears.class.php

2019-08-09 07:40:47: : FULL_QUALIFIED_CLASS_NAME: ::SoL\Controllers\AbcYears


2019-08-09 07:40:47:c/phink/mvc/custom_view.php:200 : SOMETHING TO CACHE : /Users/david/Sites/CodePhoenixOrg/SDK/php/SoL/src/runtime/app_controllers_home.class.php

2019-08-09 07:40:47: : PARENT OBJECT::TView


2019-08-09 07:40:47: : PARENT OBJECT::Home


2019-08-09 07:40:47: : CACHE FILE NAME TO INCLUDE: /Users/david/Sites/CodePhoenixOrg/SDK/php/SoL/src/runtime/app_controllers_home.class.php

2019-08-09 07:40:47: : CLASS INFO::Dummy::


2019-08-09 07:40:47:c/phink/autoloader.php:315 : CACHED JS FILENAME: 

2019-08-09 07:40:47: : PARSING dummy!!!

2019-08-09 07:40:47: : MVC FILE NAMES FOR 10806806865d4d075f6e31d9.12423569::Array
(
    [parentUID] => 3506274695d4d075f6dae23.72673047
    [id] => noname
    [name] => dummy
    [view] => app/views/dummy.phtml
    [controller] => app/controllers/dummy.class.php
    [css] => app/views/dummy.css
    [js] => app/controllers/dummy.js
    [cache] => Array
        (
            [controller] => /Users/david/Sites/CodePhoenixOrg/SDK/php/SoL/src/runtime/app_controllers_dummy.class.php
            [css] => /Users/david/Sites/CodePhoenixOrg/SDK/php/SoL/src/css/runtime/app_controllers_dummy.css
            [js] => /Users/david/Sites/CodePhoenixOrg/SDK/php/SoL/src/js/runtime/app_controllers_dummy.js
        )

)



2019-08-09 07:40:47:c/phink/autoloader.php:200 : Phink\TAutoloader::includeClass::app/controllers/dummy.class.php

2019-08-09 07:40:47:c/phink/autoloader.php:353 : app/controllers/dummy.class.php IS REGISTERED : TRUE

2019-08-09 07:40:47: : CONTROLLER FILE NAME OF THE PARSED VIEW: app/controllers/dummy.class.php

2019-08-09 07:40:47:c/phink/mvc/custom_view.php:131 : dummy IS REGISTERED : TRUE

2019-08-09 07:40:47:c/phink/mvc/custom_view.php:138 : PARSE SRC ROOT FILE : app/views/dummy.phtml

2019-08-09 07:40:47:c/phink/mvc/custom_view.php:200 : SOMETHING TO CACHE : /Users/david/Sites/CodePhoenixOrg/SDK/php/SoL/src/runtime/app_controllers_dummy.class.php

2019-08-09 07:40:47: : CACHE FILE NAME OF THE PARSED VIEW: /Users/david/Sites/CodePhoenixOrg/SDK/php/SoL/src/runtime/app_controllers_dummy.class.php

2019-08-09 07:40:47: : ROOT CACHE FILE NAME OF THE PARSED VIEW: /Users/david/Sites/CodePhoenixOrg/SDK/php/SoL/src/runtime/app_controllers_dummy.class.php

2019-08-09 07:40:47: : CLASS INFO::AbcArtists::


2019-08-09 07:40:47:c/phink/autoloader.php:315 : CACHED JS FILENAME: 

2019-08-09 07:40:47: : PARSING abcArtists!!!

2019-08-09 07:40:47: : MVC FILE NAMES FOR 17441190235d4d075f6ed7d2.80342231::Array
(
    [parentUID] => 3506274695d4d075f6dae23.72673047
    [id] => noname
    [name] => abcArtists
    [view] => app/views/abcArtists.phtml
    [controller] => app/controllers/abcArtists.class.php
    [css] => app/views/abcArtists.css
    [js] => app/controllers/abcArtists.js
    [cache] => Array
        (
            [controller] => /Users/david/Sites/CodePhoenixOrg/SDK/php/SoL/src/runtime/app_controllers_abcartists.class.php
            [css] => /Users/david/Sites/CodePhoenixOrg/SDK/php/SoL/src/css/runtime/app_controllers_abcartists.css
            [js] => /Users/david/Sites/CodePhoenixOrg/SDK/php/SoL/src/js/runtime/app_controllers_abcartists.js
        )

)



2019-08-09 07:40:47:c/phink/autoloader.php:200 : Phink\TAutoloader::includeClass::app/controllers/abcArtists.class.php

2019-08-09 07:40:47:c/phink/autoloader.php:353 : app/controllers/abcArtists.class.php IS REGISTERED : TRUE

2019-08-09 07:40:47: : CONTROLLER FILE NAME OF THE PARSED VIEW: app/controllers/abcArtists.class.php

2019-08-09 07:40:47:c/phink/mvc/custom_view.php:131 : abcArtists IS REGISTERED : TRUE

2019-08-09 07:40:47:c/phink/mvc/custom_view.php:138 : PARSE SRC ROOT FILE : app/views/abcArtists.phtml

2019-08-09 07:40:47:c/phink/mvc/custom_view.php:200 : SOMETHING TO CACHE : /Users/david/Sites/CodePhoenixOrg/SDK/php/SoL/src/runtime/app_controllers_abcartists.class.php

2019-08-09 07:40:47: : CACHE FILE NAME OF THE PARSED VIEW: /Users/david/Sites/CodePhoenixOrg/SDK/php/SoL/src/runtime/app_controllers_abcartists.class.php

2019-08-09 07:40:47: : ROOT CACHE FILE NAME OF THE PARSED VIEW: /Users/david/Sites/CodePhoenixOrg/SDK/php/SoL/src/runtime/app_controllers_abcartists.class.php

2019-08-09 07:40:47: : CLASS INFO::AbcAlbums::


2019-08-09 07:40:47:c/phink/autoloader.php:315 : CACHED JS FILENAME: 

2019-08-09 07:40:47: : PARSING abcAlbums!!!

2019-08-09 07:40:47: : MVC FILE NAMES FOR 7920482415d4d075f707f09.11792577::Array
(
    [parentUID] => 3506274695d4d075f6dae23.72673047
    [id] => noname
    [name] => abcAlbums
    [view] => app/views/abcAlbums.phtml
    [controller] => app/controllers/abcAlbums.class.php
    [css] => app/views/abcAlbums.css
    [js] => app/controllers/abcAlbums.js
    [cache] => Array
        (
            [controller] => /Users/david/Sites/CodePhoenixOrg/SDK/php/SoL/src/runtime/app_controllers_abcalbums.class.php
            [css] => /Users/david/Sites/CodePhoenixOrg/SDK/php/SoL/src/css/runtime/app_controllers_abcalbums.css
            [js] => /Users/david/Sites/CodePhoenixOrg/SDK/php/SoL/src/js/runtime/app_controllers_abcalbums.js
        )

)



2019-08-09 07:40:47:c/phink/autoloader.php:200 : Phink\TAutoloader::includeClass::app/controllers/abcAlbums.class.php

2019-08-09 07:40:47:c/phink/autoloader.php:353 : app/controllers/abcAlbums.class.php IS REGISTERED : TRUE

2019-08-09 07:40:47: : CONTROLLER FILE NAME OF THE PARSED VIEW: app/controllers/abcAlbums.class.php

2019-08-09 07:40:47:c/phink/mvc/custom_view.php:131 : abcAlbums IS REGISTERED : TRUE

2019-08-09 07:40:47:c/phink/mvc/custom_view.php:138 : PARSE SRC ROOT FILE : app/views/abcAlbums.phtml

2019-08-09 07:40:47:c/phink/mvc/custom_view.php:200 : SOMETHING TO CACHE : /Users/david/Sites/CodePhoenixOrg/SDK/php/SoL/src/runtime/app_controllers_abcalbums.class.php

2019-08-09 07:40:47: : CACHE FILE NAME OF THE PARSED VIEW: /Users/david/Sites/CodePhoenixOrg/SDK/php/SoL/src/runtime/app_controllers_abcalbums.class.php

2019-08-09 07:40:47: : ROOT CACHE FILE NAME OF THE PARSED VIEW: /Users/david/Sites/CodePhoenixOrg/SDK/php/SoL/src/runtime/app_controllers_abcalbums.class.php

2019-08-09 07:40:47: : CLASS INFO::AbcYears::


2019-08-09 07:40:47:c/phink/autoloader.php:315 : CACHED JS FILENAME: 

2019-08-09 07:40:47: : PARSING abcYears!!!

2019-08-09 07:40:47: : MVC FILE NAMES FOR 6389141435d4d075f714d86.10410331::Array
(
    [parentUID] => 3506274695d4d075f6dae23.72673047
    [id] => noname
    [name] => abcYears
    [view] => app/views/abcYears.phtml
    [controller] => app/controllers/abcYears.class.php
    [css] => app/views/abcYears.css
    [js] => app/controllers/abcYears.js
    [cache] => Array
        (
            [controller] => /Users/david/Sites/CodePhoenixOrg/SDK/php/SoL/src/runtime/app_controllers_abcyears.class.php
            [css] => /Users/david/Sites/CodePhoenixOrg/SDK/php/SoL/src/css/runtime/app_controllers_abcyears.css
            [js] => /Users/david/Sites/CodePhoenixOrg/SDK/php/SoL/src/js/runtime/app_controllers_abcyears.js
        )

)



2019-08-09 07:40:47:c/phink/autoloader.php:200 : Phink\TAutoloader::includeClass::app/controllers/abcYears.class.php

2019-08-09 07:40:47:c/phink/autoloader.php:353 : app/controllers/abcYears.class.php IS REGISTERED : TRUE

2019-08-09 07:40:47: : CONTROLLER FILE NAME OF THE PARSED VIEW: app/controllers/abcYears.class.php

2019-08-09 07:40:47:c/phink/mvc/custom_view.php:131 : abcYears IS REGISTERED : TRUE

2019-08-09 07:40:47:c/phink/mvc/custom_view.php:138 : PARSE SRC ROOT FILE : app/views/abcYears.phtml

2019-08-09 07:40:47:c/phink/mvc/custom_view.php:200 : SOMETHING TO CACHE : /Users/david/Sites/CodePhoenixOrg/SDK/php/SoL/src/runtime/app_controllers_abcyears.class.php

2019-08-09 07:40:47: : CACHE FILE NAME OF THE PARSED VIEW: /Users/david/Sites/CodePhoenixOrg/SDK/php/SoL/src/runtime/app_controllers_abcyears.class.php

2019-08-09 07:40:47: : ROOT CACHE FILE NAME OF THE PARSED VIEW: /Users/david/Sites/CodePhoenixOrg/SDK/php/SoL/src/runtime/app_controllers_abcyears.class.php

2019-08-09 07:40:47:c/phink/autoloader.php:200 : Phink\TAutoloader::includeClass::app/models/abcArtists.class.php

2019-08-09 07:40:47:c/phink/autoloader.php:200 : Phink\TAutoloader::includeClass::app/models/abcAlbums.class.php

2019-08-09 07:40:47:c/phink/autoloader.php:200 : Phink\TAutoloader::includeClass::app/models/abcYears.class.php

2019-08-09 07:40:47: : Phink\Core\TObject::invoke::INVOKE_ACTION::getViewHtml()

2019-08-09 07:40:47: : THIS UID::177510435d4d075f72c392.10396456

2019-08-09 07:40:47: : MOTHER UID::16801891255d4d075f695874.89880657

2019-08-09 07:40:47: : MVC FILE NAMES FOR 9602177995d4d075f965e89.40605170::Array
(
    [parentUID] => 20146663525d4d075f964214.56327547
    [id] => noname
    [name] => plugin
    [view] => vendor/phink/phink/src/phink/web/ui/widget/plugin/plugin.phtml
    [controller] => vendor/phink/phink/src/phink/web/ui/widget/plugin/plugin.class.php
    [css] => vendor/phink/phink/src/phink/web/ui/widget/plugin/plugin.css
    [js] => vendor/phink/phink/src/phink/web/ui/widget/plugin/plugin.js
    [cache] => Array
        (
            [controller] => /Users/david/Sites/CodePhoenixOrg/SDK/php/SoL/src/runtime/app_controllers_plugin.class.php
            [css] => /Users/david/Sites/CodePhoenixOrg/SDK/php/SoL/src/css/runtime/app_controllers_plugin.css
            [js] => /Users/david/Sites/CodePhoenixOrg/SDK/php/SoL/src/js/runtime/app_controllers_plugin.js
        )

)



2019-08-09 07:40:47:c/phink/mvc/custom_controller.php:74 : CACHE FILE NAME IF EXISTS : /Users/david/Sites/CodePhoenixOrg/SDK/php/SoL/src/runtime/vendor_phink_phink_src_phink_web_ui_widget_plugin_plugin.class.php

2019-08-09 07:40:47:c/phink/mvc/custom_controller.php:77 : TRUE

2019-08-09 07:40:47:c/phink/mvc/custom_view.php:131 : plugin IS REGISTERED : FALSE

2019-08-09 07:40:47:c/phink/mvc/custom_view.php:143 : PARSE SITE ROOT FILE : vendor/phink/phink/src/phink/web/ui/widget/plugin/plugin.phtml

2019-08-09 07:40:47:c/phink/mvc/custom_view.php:186 : NO NEED TO WRITE CODE: vendor/phink/phink/src/phink/web/ui/widget/plugin/plugin.class.php

2019-08-09 07:40:47: : THIS UID::2795294225d4d075f72ca23.24325110

2019-08-09 07:40:47: : MOTHER UID::16801891255d4d075f695874.89880657

2019-08-09 07:40:47: : MVC FILE NAMES FOR 14021481795d4d075f9bcf54.74105835::Array
(
    [parentUID] => 12322844555d4d075f9bc762.66222343
    [id] => noname
    [name] => plugin
    [view] => vendor/phink/phink/src/phink/web/ui/widget/plugin/plugin.phtml
    [controller] => vendor/phink/phink/src/phink/web/ui/widget/plugin/plugin.class.php
    [css] => vendor/phink/phink/src/phink/web/ui/widget/plugin/plugin.css
    [js] => vendor/phink/phink/src/phink/web/ui/widget/plugin/plugin.js
    [cache] => Array
        (
            [controller] => /Users/david/Sites/CodePhoenixOrg/SDK/php/SoL/src/runtime/app_controllers_plugin.class.php
            [css] => /Users/david/Sites/CodePhoenixOrg/SDK/php/SoL/src/css/runtime/app_controllers_plugin.css
            [js] => /Users/david/Sites/CodePhoenixOrg/SDK/php/SoL/src/js/runtime/app_controllers_plugin.js
        )

)



2019-08-09 07:40:47:c/phink/mvc/custom_controller.php:74 : CACHE FILE NAME IF EXISTS : /Users/david/Sites/CodePhoenixOrg/SDK/php/SoL/src/runtime/vendor_phink_phink_src_phink_web_ui_widget_plugin_plugin.class.php

2019-08-09 07:40:47:c/phink/mvc/custom_controller.php:77 : TRUE

2019-08-09 07:40:47:c/phink/mvc/custom_view.php:131 : plugin IS REGISTERED : FALSE

2019-08-09 07:40:47:c/phink/mvc/custom_view.php:143 : PARSE SITE ROOT FILE : vendor/phink/phink/src/phink/web/ui/widget/plugin/plugin.phtml

2019-08-09 07:40:47:c/phink/mvc/custom_view.php:186 : NO NEED TO WRITE CODE: vendor/phink/phink/src/phink/web/ui/widget/plugin/plugin.class.php

2019-08-09 07:40:47: : THIS UID::16092911795d4d075f746230.56384676

2019-08-09 07:40:47: : MOTHER UID::16801891255d4d075f695874.89880657

2019-08-09 07:40:47: : MVC FILE NAMES FOR 8636058075d4d075faa08e9.64521291::Array
(
    [parentUID] => 10590378135d4d075fa9fe53.50190344
    [id] => noname
    [name] => plugin
    [view] => vendor/phink/phink/src/phink/web/ui/widget/plugin/plugin.phtml
    [controller] => vendor/phink/phink/src/phink/web/ui/widget/plugin/plugin.class.php
    [css] => vendor/phink/phink/src/phink/web/ui/widget/plugin/plugin.css
    [js] => vendor/phink/phink/src/phink/web/ui/widget/plugin/plugin.js
    [cache] => Array
        (
            [controller] => /Users/david/Sites/CodePhoenixOrg/SDK/php/SoL/src/runtime/app_controllers_plugin.class.php
            [css] => /Users/david/Sites/CodePhoenixOrg/SDK/php/SoL/src/css/runtime/app_controllers_plugin.css
            [js] => /Users/david/Sites/CodePhoenixOrg/SDK/php/SoL/src/js/runtime/app_controllers_plugin.js
        )

)



2019-08-09 07:40:47:c/phink/mvc/custom_controller.php:74 : CACHE FILE NAME IF EXISTS : /Users/david/Sites/CodePhoenixOrg/SDK/php/SoL/src/runtime/vendor_phink_phink_src_phink_web_ui_widget_plugin_plugin.class.php

2019-08-09 07:40:47:c/phink/mvc/custom_controller.php:77 : TRUE

2019-08-09 07:40:47:c/phink/mvc/custom_view.php:131 : plugin IS REGISTERED : FALSE

2019-08-09 07:40:47:c/phink/mvc/custom_view.php:143 : PARSE SITE ROOT FILE : vendor/phink/phink/src/phink/web/ui/widget/plugin/plugin.phtml

2019-08-09 07:40:47:c/phink/mvc/custom_view.php:186 : NO NEED TO WRITE CODE: vendor/phink/phink/src/phink/web/ui/widget/plugin/plugin.class.php

2019-08-09 07:40:47: : THIS UID::6556858465d4d075f7d56e3.52672565

2019-08-09 07:40:47: : MOTHER UID::16801891255d4d075f695874.89880657

2019-08-09 07:40:47: : URL: /

2019-08-09 07:40:47: : MATCHES: /

2019-08-09 07:40:47: : KEY: /api/playlist/([0-9]+)$

2019-08-09 07:40:47: : URL: /

2019-08-09 07:40:47: : MATCHES: /

2019-08-09 07:40:47: : KEY: /api/collection$

2019-08-09 07:40:47: : URL: /

2019-08-09 07:40:47: : MATCHES: /

2019-08-09 07:40:47: : KEY: /api/user/([0-9]+)$

2019-08-09 07:40:47: : URL: /

2019-08-09 07:40:47: : MATCHES: /views/main.phtml

2019-08-09 07:40:47: : KEY: ^/$

2019-08-09 07:40:47: : PATH::app/views/main.phtml


2019-08-09 07:40:47: : BASEURL::Array
(
    [path] => /views/main.phtml
)



2019-08-09 07:40:47: : IS FOUND::TRUE


2019-08-09 07:40:47: : PARAMETERS::Array
(
)



2019-08-09 07:40:47: : TRANSLATED ROUTE::app/views/main.phtml

2019-08-09 07:40:47: : TRANSLATED SRC ROUTE::/Users/david/Sites/CodePhoenixOrg/SDK/php/SoL/src/app/views/main.phtml

2019-08-09 07:40:47: : TRANSLATED PHINK ROUTE::/Users/david/Sites/CodePhoenixOrg/SDK/php/SoL/app/views/main.phtml

2019-08-09 07:40:47: : Phink\Auth\TAuthentication::renewToken::TOKEN::

2019-08-09 07:40:47: : MVC FILE NAMES FOR 5d4d075fd68fc3.83734941::Array
(
    [parentUID] => 
    [id] => noname
    [name] => main
    [view] => app/views/main.phtml
    [controller] => app/controllers/main.class.php
    [css] => app/views/main.css
    [js] => app/controllers/main.js
    [cache] => Array
        (
            [controller] => /Users/david/Sites/CodePhoenixOrg/SDK/php/SoL/src/runtime/app_controllers_main.class.php
            [css] => /Users/david/Sites/CodePhoenixOrg/SDK/php/SoL/src/css/runtime/app_controllers_main.css
            [js] => /Users/david/Sites/CodePhoenixOrg/SDK/php/SoL/src/js/runtime/app_controllers_main.js
        )

)



2019-08-09 07:40:47:c/phink/autoloader.php:200 : Phink\TAutoloader::includeClass::app/controllers/main.class.php

2019-08-09 07:40:47:c/phink/mvc/custom_view.php:131 : main IS REGISTERED : TRUE

2019-08-09 07:40:47:c/phink/mvc/custom_view.php:138 : PARSE SRC ROOT FILE : app/views/main.phtml

2019-08-09 07:40:47:c/phink/mvc/custom_view.php:200 : SOMETHING TO CACHE : /Users/david/Sites/CodePhoenixOrg/SDK/php/SoL/src/runtime/app_controllers_main.class.php

2019-08-09 07:40:47: : PARENT OBJECT::TView


2019-08-09 07:40:47: : PARENT OBJECT::Main


2019-08-09 07:40:47: : CACHE FILE NAME TO INCLUDE: /Users/david/Sites/CodePhoenixOrg/SDK/php/SoL/src/runtime/app_controllers_main.class.php

2019-08-09 07:40:47: : THIS UID::20008448385d4d075fd8a375.38957870

2019-08-09 07:40:47: : MOTHER UID::15231369135d4d075fd767c3.24868176

2019-08-09 07:40:49: : URL: /player.html

2019-08-09 07:40:49: : MATCHES: /player.html

2019-08-09 07:40:49: : KEY: ^/musicplayer$

2019-08-09 07:40:49: : URL: /player.html

2019-08-09 07:40:49: : MATCHES: /player.html

2019-08-09 07:40:49: : KEY: ^/master.html$

2019-08-09 07:40:49: : URL: /player.html

2019-08-09 07:40:49: : MATCHES: /player.html

2019-08-09 07:40:49: : KEY: ^/login.html$

2019-08-09 07:40:49: : URL: /player.html

2019-08-09 07:40:49: : MATCHES: /player.html

2019-08-09 07:40:49: : KEY: ^/admin.html$

2019-08-09 07:40:49: : URL: /player.html

2019-08-09 07:40:49: : MATCHES: /player.html

2019-08-09 07:40:49: : KEY: ^/home.html$

2019-08-09 07:40:49: : URL: /player.html

2019-08-09 07:40:49: : MATCHES: /views/player.phtml

2019-08-09 07:40:49: : KEY: ^/player.html$

2019-08-09 07:40:49: : PATH::app/views/player.phtml


2019-08-09 07:40:49: : BASEURL::Array
(
    [path] => /views/player.phtml
)



2019-08-09 07:40:49: : IS FOUND::TRUE


2019-08-09 07:40:49: : PARAMETERS::Array
(
)



2019-08-09 07:40:49: : TRANSLATED ROUTE::app/views/player.phtml

2019-08-09 07:40:49: : TRANSLATED SRC ROUTE::/Users/david/Sites/CodePhoenixOrg/SDK/php/SoL/src/app/views/player.phtml

2019-08-09 07:40:49: : TRANSLATED PHINK ROUTE::/Users/david/Sites/CodePhoenixOrg/SDK/php/SoL/app/views/player.phtml

2019-08-09 07:40:49: : Phink\Auth\TAuthentication::renewToken::TOKEN::NjI2MDA5MDE1NWQ0ZDA3NWY2ODBjMA==

2019-08-09 07:40:49: : MVC FILE NAMES FOR 5d4d07616d5304.49177947::Array
(
    [parentUID] => 
    [id] => noname
    [name] => player
    [view] => app/views/player.phtml
    [controller] => app/controllers/player.class.php
    [css] => app/views/player.css
    [js] => app/controllers/player.js
    [cache] => Array
        (
            [controller] => /Users/david/Sites/CodePhoenixOrg/SDK/php/SoL/src/runtime/app_controllers_player.class.php
            [css] => /Users/david/Sites/CodePhoenixOrg/SDK/php/SoL/src/css/runtime/app_controllers_player.css
            [js] => /Users/david/Sites/CodePhoenixOrg/SDK/php/SoL/src/js/runtime/app_controllers_player.js
        )

)



2019-08-09 07:40:49:c/phink/autoloader.php:200 : Phink\TAutoloader::includeClass::app/controllers/player.class.php

2019-08-09 07:40:49:c/phink/mvc/custom_view.php:131 : player IS REGISTERED : TRUE

2019-08-09 07:40:49:c/phink/mvc/custom_view.php:138 : PARSE SRC ROOT FILE : app/views/player.phtml

2019-08-09 07:40:49: : FULL_CLASS_PATH::app/controllers/dummy.class.php


2019-08-09 07:40:49:c/phink/autoloader.php:200 : Phink\TAutoloader::includeClass::app/controllers/dummy.class.php

2019-08-09 07:40:49: : FULL_QUALIFIED_CLASS_NAME: ::SoL\Controllers\Dummy


2019-08-09 07:40:49: : FULL_CLASS_PATH::app/controllers/collection.class.php


2019-08-09 07:40:49:c/phink/autoloader.php:200 : Phink\TAutoloader::includeClass::app/controllers/collection.class.php

2019-08-09 07:40:49: : FULL_QUALIFIED_CLASS_NAME: ::SoL\Controllers\Collection


2019-08-09 07:40:49: : FULL_CLASS_PATH::app/controllers/playlist.class.php


2019-08-09 07:40:49:c/phink/autoloader.php:200 : Phink\TAutoloader::includeClass::app/controllers/playlist.class.php

2019-08-09 07:40:49: : FULL_QUALIFIED_CLASS_NAME: ::SoL\Controllers\Playlist


2019-08-09 07:40:49:c/phink/mvc/custom_view.php:200 : SOMETHING TO CACHE : /Users/david/Sites/CodePhoenixOrg/SDK/php/SoL/src/runtime/app_controllers_player.class.php

2019-08-09 07:40:49: : PARENT OBJECT::TView


2019-08-09 07:40:49: : PARENT OBJECT::Player


2019-08-09 07:40:49: : CACHE FILE NAME TO INCLUDE: /Users/david/Sites/CodePhoenixOrg/SDK/php/SoL/src/runtime/app_controllers_player.class.php

2019-08-09 07:40:49:c/phink/autoloader.php:200 : Phink\TAutoloader::includeClass::app/models/player.class.php

2019-08-09 07:40:49: : CLASS INFO::Dummy::


2019-08-09 07:40:49:c/phink/autoloader.php:315 : CACHED JS FILENAME: 

2019-08-09 07:40:49:c/phink/autoloader.php:322 : INCLUDE CACHED JS CONTROL: /Users/david/Sites/CodePhoenixOrg/SDK/php/SoL/src/web/js/runtime/app_controllers_dummy.js

2019-08-09 07:40:49:c/phink/autoloader.php:325 : INCLUDE CACHED CONTROL: /Users/david/Sites/CodePhoenixOrg/SDK/php/SoL/src/runtime/app_controllers_dummy.class.php

2019-08-09 07:40:49:c/phink/autoloader.php:200 : Phink\TAutoloader::includeClass::runtime/app_controllers_dummy.class.php

2019-08-09 07:40:49: : CLASS INFO::Collection::


2019-08-09 07:40:49:c/phink/autoloader.php:315 : CACHED JS FILENAME: 

2019-08-09 07:40:49: : PARSING collection!!!

2019-08-09 07:40:49: : MVC FILE NAMES FOR 13072909535d4d0761713293.29261902::Array
(
    [parentUID] => 9293502575d4d0761701bf6.35225720
    [id] => noname
    [name] => collection
    [view] => app/views/collection.phtml
    [controller] => app/controllers/collection.class.php
    [css] => app/views/collection.css
    [js] => app/controllers/collection.js
    [cache] => Array
        (
            [controller] => /Users/david/Sites/CodePhoenixOrg/SDK/php/SoL/src/runtime/app_controllers_collection.class.php
            [css] => /Users/david/Sites/CodePhoenixOrg/SDK/php/SoL/src/css/runtime/app_controllers_collection.css
            [js] => /Users/david/Sites/CodePhoenixOrg/SDK/php/SoL/src/js/runtime/app_controllers_collection.js
        )

)



2019-08-09 07:40:49:c/phink/autoloader.php:200 : Phink\TAutoloader::includeClass::app/controllers/collection.class.php

2019-08-09 07:40:49:c/phink/autoloader.php:353 : app/controllers/collection.class.php IS REGISTERED : TRUE

2019-08-09 07:40:49: : CONTROLLER FILE NAME OF THE PARSED VIEW: app/controllers/collection.class.php

2019-08-09 07:40:49:c/phink/mvc/custom_view.php:131 : collection IS REGISTERED : TRUE

2019-08-09 07:40:49:c/phink/mvc/custom_view.php:138 : PARSE SRC ROOT FILE : app/views/collection.phtml

2019-08-09 07:40:49:c/phink/mvc/custom_view.php:200 : SOMETHING TO CACHE : /Users/david/Sites/CodePhoenixOrg/SDK/php/SoL/src/runtime/app_controllers_collection.class.php

2019-08-09 07:40:49: : CACHE FILE NAME OF THE PARSED VIEW: /Users/david/Sites/CodePhoenixOrg/SDK/php/SoL/src/runtime/app_controllers_collection.class.php

2019-08-09 07:40:49: : ROOT CACHE FILE NAME OF THE PARSED VIEW: /Users/david/Sites/CodePhoenixOrg/SDK/php/SoL/src/runtime/app_controllers_collection.class.php

2019-08-09 07:40:49: : CLASS INFO::Playlist::


2019-08-09 07:40:49:c/phink/autoloader.php:315 : CACHED JS FILENAME: 

2019-08-09 07:40:49: : PARSING playlist!!!

2019-08-09 07:40:49: : MVC FILE NAMES FOR 15156820415d4d07617241d4.71962989::Array
(
    [parentUID] => 9293502575d4d0761701bf6.35225720
    [id] => noname
    [name] => playlist
    [view] => app/views/playlist.phtml
    [controller] => app/controllers/playlist.class.php
    [css] => app/views/playlist.css
    [js] => app/controllers/playlist.js
    [cache] => Array
        (
            [controller] => /Users/david/Sites/CodePhoenixOrg/SDK/php/SoL/src/runtime/app_controllers_playlist.class.php
            [css] => /Users/david/Sites/CodePhoenixOrg/SDK/php/SoL/src/css/runtime/app_controllers_playlist.css
            [js] => /Users/david/Sites/CodePhoenixOrg/SDK/php/SoL/src/js/runtime/app_controllers_playlist.js
        )

)



2019-08-09 07:40:49:c/phink/autoloader.php:200 : Phink\TAutoloader::includeClass::app/controllers/playlist.class.php

2019-08-09 07:40:49:c/phink/autoloader.php:353 : app/controllers/playlist.class.php IS REGISTERED : TRUE

2019-08-09 07:40:49: : CONTROLLER FILE NAME OF THE PARSED VIEW: app/controllers/playlist.class.php

2019-08-09 07:40:49:c/phink/mvc/custom_view.php:131 : playlist IS REGISTERED : TRUE

2019-08-09 07:40:49:c/phink/mvc/custom_view.php:138 : PARSE SRC ROOT FILE : app/views/playlist.phtml

2019-08-09 07:40:49:c/phink/mvc/custom_view.php:200 : SOMETHING TO CACHE : /Users/david/Sites/CodePhoenixOrg/SDK/php/SoL/src/runtime/app_controllers_playlist.class.php

2019-08-09 07:40:49: : CACHE FILE NAME OF THE PARSED VIEW: /Users/david/Sites/CodePhoenixOrg/SDK/php/SoL/src/runtime/app_controllers_playlist.class.php

2019-08-09 07:40:49: : ROOT CACHE FILE NAME OF THE PARSED VIEW: /Users/david/Sites/CodePhoenixOrg/SDK/php/SoL/src/runtime/app_controllers_playlist.class.php

2019-08-09 07:40:49:c/phink/autoloader.php:200 : Phink\TAutoloader::includeClass::app/models/collection.class.php

2019-08-09 07:40:49:c/phink/autoloader.php:200 : Phink\TAutoloader::includeClass::app/models/playlist.class.php

2019-08-09 07:40:49: : Phink\Core\TObject::invoke::INVOKE_ACTION::showPlayerByArtist("Ä")

2019-08-09 07:40:49: : LETTER::Ä

2019-08-09 07:40:49: : THIS UID::361169255d4d0761732319.38587515

2019-08-09 07:40:49: : MOTHER UID::13750597035d4d07616e2b92.09251894

2019-08-09 07:40:49: : MVC FILE NAMES FOR 16548715525d4d0761817d93.32508998::Array
(
    [parentUID] => 17301145915d4d0761816752.02325050
    [id] => noname
    [name] => plugin
    [view] => vendor/phink/phink/src/phink/web/ui/widget/plugin/plugin.phtml
    [controller] => vendor/phink/phink/src/phink/web/ui/widget/plugin/plugin.class.php
    [css] => vendor/phink/phink/src/phink/web/ui/widget/plugin/plugin.css
    [js] => vendor/phink/phink/src/phink/web/ui/widget/plugin/plugin.js
    [cache] => Array
        (
            [controller] => /Users/david/Sites/CodePhoenixOrg/SDK/php/SoL/src/runtime/app_controllers_plugin.class.php
            [css] => /Users/david/Sites/CodePhoenixOrg/SDK/php/SoL/src/css/runtime/app_controllers_plugin.css
            [js] => /Users/david/Sites/CodePhoenixOrg/SDK/php/SoL/src/js/runtime/app_controllers_plugin.js
        )

)



2019-08-09 07:40:49: : MVC FILE NAMES FOR 17293007255d4d076181dcd4.83771218::Array
(
    [parentUID] => 16551203775d4d076181d553.41865539
    [id] => noname
    [name] => pager
    [view] => vendor/phink/phink/src/phink/web/ui/widget/pager/pager.phtml
    [controller] => vendor/phink/phink/src/phink/web/ui/widget/pager/pager.class.php
    [css] => vendor/phink/phink/src/phink/web/ui/widget/pager/pager.css
    [js] => vendor/phink/phink/src/phink/web/ui/widget/pager/pager.js
    [cache] => Array
        (
            [controller] => /Users/david/Sites/CodePhoenixOrg/SDK/php/SoL/src/runtime/app_controllers_pager.class.php
            [css] => /Users/david/Sites/CodePhoenixOrg/SDK/php/SoL/src/css/runtime/app_controllers_pager.css
            [js] => /Users/david/Sites/CodePhoenixOrg/SDK/php/SoL/src/js/runtime/app_controllers_pager.js
        )

)



2019-08-09 07:40:49:c/phink/mvc/custom_controller.php:74 : CACHE FILE NAME IF EXISTS : /Users/david/Sites/CodePhoenixOrg/SDK/php/SoL/src/runtime/vendor_phink_phink_src_phink_web_ui_widget_plugin_plugin.class.php

2019-08-09 07:40:49:c/phink/mvc/custom_controller.php:77 : TRUE

2019-08-09 07:40:49:c/phink/mvc/custom_view.php:131 : plugin IS REGISTERED : FALSE

2019-08-09 07:40:49:c/phink/mvc/custom_view.php:143 : PARSE SITE ROOT FILE : vendor/phink/phink/src/phink/web/ui/widget/plugin/plugin.phtml

2019-08-09 07:40:49:c/phink/mvc/custom_view.php:186 : NO NEED TO WRITE CODE: vendor/phink/phink/src/phink/web/ui/widget/plugin/plugin.class.php

2019-08-09 07:40:49:c/phink/mvc/custom_controller.php:74 : CACHE FILE NAME IF EXISTS : /Users/david/Sites/CodePhoenixOrg/SDK/php/SoL/src/runtime/vendor_phink_phink_src_phink_web_ui_widget_pager_pager.class.php

2019-08-09 07:40:49:c/phink/mvc/custom_controller.php:77 : TRUE

2019-08-09 07:40:49:c/phink/mvc/custom_view.php:131 : pager IS REGISTERED : FALSE

2019-08-09 07:40:49:c/phink/mvc/custom_view.php:143 : PARSE SITE ROOT FILE : vendor/phink/phink/src/phink/web/ui/widget/pager/pager.phtml

2019-08-09 07:40:49:c/phink/mvc/custom_view.php:186 : NO NEED TO WRITE CODE: vendor/phink/phink/src/phink/web/ui/widget/pager/pager.class.php

2019-08-09 07:40:49: : THIS UID::14149946595d4d0761732954.83830802

2019-08-09 07:40:49: : MOTHER UID::13750597035d4d07616e2b92.09251894

2019-08-09 07:40:49: : MVC FILE NAMES FOR 565920055d4d07618b0455.80463096::Array
(
    [parentUID] => 16398156595d4d07618afce0.69928851
    [id] => noname
    [name] => plugin
    [view] => vendor/phink/phink/src/phink/web/ui/widget/plugin/plugin.phtml
    [controller] => vendor/phink/phink/src/phink/web/ui/widget/plugin/plugin.class.php
    [css] => vendor/phink/phink/src/phink/web/ui/widget/plugin/plugin.css
    [js] => vendor/phink/phink/src/phink/web/ui/widget/plugin/plugin.js
    [cache] => Array
        (
            [controller] => /Users/david/Sites/CodePhoenixOrg/SDK/php/SoL/src/runtime/app_controllers_plugin.class.php
            [css] => /Users/david/Sites/CodePhoenixOrg/SDK/php/SoL/src/css/runtime/app_controllers_plugin.css
            [js] => /Users/david/Sites/CodePhoenixOrg/SDK/php/SoL/src/js/runtime/app_controllers_plugin.js
        )

)



2019-08-09 07:40:49:c/phink/mvc/custom_controller.php:74 : CACHE FILE NAME IF EXISTS : /Users/david/Sites/CodePhoenixOrg/SDK/php/SoL/src/runtime/vendor_phink_phink_src_phink_web_ui_widget_plugin_plugin.class.php

2019-08-09 07:40:49:c/phink/mvc/custom_controller.php:77 : TRUE

2019-08-09 07:40:49:c/phink/mvc/custom_view.php:131 : plugin IS REGISTERED : FALSE

2019-08-09 07:40:49:c/phink/mvc/custom_view.php:143 : PARSE SITE ROOT FILE : vendor/phink/phink/src/phink/web/ui/widget/plugin/plugin.phtml

2019-08-09 07:40:49:c/phink/mvc/custom_view.php:186 : NO NEED TO WRITE CODE: vendor/phink/phink/src/phink/web/ui/widget/plugin/plugin.class.php

2019-08-09 07:40:49: : THIS UID::10327722915d4d0761737511.55441669

2019-08-09 07:40:49: : MOTHER UID::13750597035d4d07616e2b92.09251894

2019-08-09 07:40:49: : URL: /

2019-08-09 07:40:49: : MATCHES: /

2019-08-09 07:40:49: : KEY: /api/playlist/([0-9]+)$

2019-08-09 07:40:49: : URL: /

2019-08-09 07:40:49: : MATCHES: /

2019-08-09 07:40:49: : KEY: /api/collection$

2019-08-09 07:40:49: : URL: /

2019-08-09 07:40:49: : MATCHES: /

2019-08-09 07:40:49: : KEY: /api/user/([0-9]+)$

2019-08-09 07:40:49: : URL: /

2019-08-09 07:40:49: : MATCHES: /views/main.phtml

2019-08-09 07:40:49: : KEY: ^/$

2019-08-09 07:40:49: : PATH::app/views/main.phtml


2019-08-09 07:40:49: : BASEURL::Array
(
    [path] => /views/main.phtml
)



2019-08-09 07:40:49: : IS FOUND::TRUE


2019-08-09 07:40:49: : PARAMETERS::Array
(
)



2019-08-09 07:40:49: : TRANSLATED ROUTE::app/views/main.phtml

2019-08-09 07:40:49: : TRANSLATED SRC ROUTE::/Users/david/Sites/CodePhoenixOrg/SDK/php/SoL/src/app/views/main.phtml

2019-08-09 07:40:49: : TRANSLATED PHINK ROUTE::/Users/david/Sites/CodePhoenixOrg/SDK/php/SoL/app/views/main.phtml

2019-08-09 07:40:49: : Phink\Auth\TAuthentication::renewToken::TOKEN::

2019-08-09 07:40:49: : MVC FILE NAMES FOR 5d4d0761cc3364.78296646::Array
(
    [parentUID] => 
    [id] => noname
    [name] => main
    [view] => app/views/main.phtml
    [controller] => app/controllers/main.class.php
    [css] => app/views/main.css
    [js] => app/controllers/main.js
    [cache] => Array
        (
            [controller] => /Users/david/Sites/CodePhoenixOrg/SDK/php/SoL/src/runtime/app_controllers_main.class.php
            [css] => /Users/david/Sites/CodePhoenixOrg/SDK/php/SoL/src/css/runtime/app_controllers_main.css
            [js] => /Users/david/Sites/CodePhoenixOrg/SDK/php/SoL/src/js/runtime/app_controllers_main.js
        )

)



2019-08-09 07:40:49: : PARENT OBJECT::TView


2019-08-09 07:40:49: : PARENT OBJECT::Main


2019-08-09 07:40:49: : CACHE FILE NAME TO INCLUDE: /Users/david/Sites/CodePhoenixOrg/SDK/php/SoL/src/runtime/app_controllers_main.class.php

2019-08-09 07:40:49: : THIS UID::10214043955d4d0761cfebf4.55267463

2019-08-09 07:40:49: : MOTHER UID::3964002355d4d0761cdc7d9.85669955

2019-08-09 07:40:51: : URL: /player.html

2019-08-09 07:40:51: : MATCHES: /player.html

2019-08-09 07:40:51: : KEY: ^/musicplayer$

2019-08-09 07:40:51: : URL: /player.html

2019-08-09 07:40:51: : MATCHES: /player.html

2019-08-09 07:40:51: : KEY: ^/master.html$

2019-08-09 07:40:51: : URL: /player.html

2019-08-09 07:40:51: : MATCHES: /player.html

2019-08-09 07:40:51: : KEY: ^/login.html$

2019-08-09 07:40:51: : URL: /player.html

2019-08-09 07:40:51: : MATCHES: /player.html

2019-08-09 07:40:51: : KEY: ^/admin.html$

2019-08-09 07:40:51: : URL: /player.html

2019-08-09 07:40:51: : MATCHES: /player.html

2019-08-09 07:40:51: : KEY: ^/home.html$

2019-08-09 07:40:51: : URL: /player.html

2019-08-09 07:40:51: : MATCHES: /views/player.phtml

2019-08-09 07:40:51: : KEY: ^/player.html$

2019-08-09 07:40:51: : PATH::app/views/player.phtml


2019-08-09 07:40:51: : BASEURL::Array
(
    [path] => /views/player.phtml
)



2019-08-09 07:40:51: : IS FOUND::TRUE


2019-08-09 07:40:51: : PARAMETERS::Array
(
)



2019-08-09 07:40:51: : TRANSLATED ROUTE::app/views/player.phtml

2019-08-09 07:40:51: : TRANSLATED SRC ROUTE::/Users/david/Sites/CodePhoenixOrg/SDK/php/SoL/src/app/views/player.phtml

2019-08-09 07:40:51: : TRANSLATED PHINK ROUTE::/Users/david/Sites/CodePhoenixOrg/SDK/php/SoL/app/views/player.phtml

2019-08-09 07:40:51: : Phink\Auth\TAuthentication::renewToken::TOKEN::MTUzODM0MDQ5MTVkNGQwNzYxNmNiN2Y=

2019-08-09 07:40:51: : MVC FILE NAMES FOR 5d4d076348f114.85721478::Array
(
    [parentUID] => 
    [id] => noname
    [name] => player
    [view] => app/views/player.phtml
    [controller] => app/controllers/player.class.php
    [css] => app/views/player.css
    [js] => app/controllers/player.js
    [cache] => Array
        (
            [controller] => /Users/david/Sites/CodePhoenixOrg/SDK/php/SoL/src/runtime/app_controllers_player.class.php
            [css] => /Users/david/Sites/CodePhoenixOrg/SDK/php/SoL/src/css/runtime/app_controllers_player.css
            [js] => /Users/david/Sites/CodePhoenixOrg/SDK/php/SoL/src/js/runtime/app_controllers_player.js
        )

)



2019-08-09 07:40:51: : PARENT OBJECT::TView


2019-08-09 07:40:51: : PARENT OBJECT::Player


2019-08-09 07:40:51: : CACHE FILE NAME TO INCLUDE: /Users/david/Sites/CodePhoenixOrg/SDK/php/SoL/src/runtime/app_controllers_player.class.php

2019-08-09 07:40:51:c/phink/autoloader.php:200 : Phink\TAutoloader::includeClass::app/models/player.class.php

2019-08-09 07:40:51: : CLASS INFO::Dummy::


2019-08-09 07:40:51:c/phink/autoloader.php:315 : CACHED JS FILENAME: 

2019-08-09 07:40:51:c/phink/autoloader.php:322 : INCLUDE CACHED JS CONTROL: /Users/david/Sites/CodePhoenixOrg/SDK/php/SoL/src/web/js/runtime/app_controllers_dummy.js

2019-08-09 07:40:51:c/phink/autoloader.php:325 : INCLUDE CACHED CONTROL: /Users/david/Sites/CodePhoenixOrg/SDK/php/SoL/src/runtime/app_controllers_dummy.class.php

2019-08-09 07:40:51:c/phink/autoloader.php:200 : Phink\TAutoloader::includeClass::runtime/app_controllers_dummy.class.php

2019-08-09 07:40:51: : CLASS INFO::Collection::


2019-08-09 07:40:51:c/phink/autoloader.php:315 : CACHED JS FILENAME: 

2019-08-09 07:40:51:c/phink/autoloader.php:325 : INCLUDE CACHED CONTROL: /Users/david/Sites/CodePhoenixOrg/SDK/php/SoL/src/runtime/app_controllers_collection.class.php

2019-08-09 07:40:51:c/phink/autoloader.php:200 : Phink\TAutoloader::includeClass::runtime/app_controllers_collection.class.php

2019-08-09 07:40:51: : CLASS INFO::Playlist::


2019-08-09 07:40:51:c/phink/autoloader.php:315 : CACHED JS FILENAME: 

2019-08-09 07:40:51:c/phink/autoloader.php:325 : INCLUDE CACHED CONTROL: /Users/david/Sites/CodePhoenixOrg/SDK/php/SoL/src/runtime/app_controllers_playlist.class.php

2019-08-09 07:40:51:c/phink/autoloader.php:200 : Phink\TAutoloader::includeClass::runtime/app_controllers_playlist.class.php

2019-08-09 07:40:51:c/phink/autoloader.php:200 : Phink\TAutoloader::includeClass::app/models/collection.class.php

2019-08-09 07:40:51:c/phink/autoloader.php:200 : Phink\TAutoloader::includeClass::app/models/playlist.class.php

2019-08-09 07:40:51: : Phink\Core\TObject::invoke::INVOKE_ACTION::wikiArtist("Accept")

2019-08-09 07:40:53: : URL: /home.html

2019-08-09 07:40:53: : MATCHES: /home.html

2019-08-09 07:40:53: : KEY: ^/musicplayer$

2019-08-09 07:40:53: : URL: /home.html

2019-08-09 07:40:53: : MATCHES: /home.html

2019-08-09 07:40:53: : KEY: ^/master.html$

2019-08-09 07:40:53: : URL: /home.html

2019-08-09 07:40:53: : MATCHES: /home.html

2019-08-09 07:40:53: : KEY: ^/login.html$

2019-08-09 07:40:53: : URL: /home.html

2019-08-09 07:40:53: : MATCHES: /home.html

2019-08-09 07:40:53: : KEY: ^/admin.html$

2019-08-09 07:40:53: : URL: /home.html

2019-08-09 07:40:53: : MATCHES: /views/home.phtml

2019-08-09 07:40:53: : KEY: ^/home.html$

2019-08-09 07:40:53: : PATH::app/views/home.phtml


2019-08-09 07:40:53: : BASEURL::Array
(
    [path] => /views/home.phtml
)



2019-08-09 07:40:53: : IS FOUND::TRUE


2019-08-09 07:40:53: : PARAMETERS::Array
(
)



2019-08-09 07:40:53: : TRANSLATED ROUTE::app/views/home.phtml

2019-08-09 07:40:53: : TRANSLATED SRC ROUTE::/Users/david/Sites/CodePhoenixOrg/SDK/php/SoL/src/app/views/home.phtml

2019-08-09 07:40:53: : TRANSLATED PHINK ROUTE::/Users/david/Sites/CodePhoenixOrg/SDK/php/SoL/app/views/home.phtml

2019-08-09 07:40:53: : Phink\Auth\TAuthentication::renewToken::TOKEN::MzA0NzI4NjM1NWQ0ZDA3NjM0ODVjNA==

2019-08-09 07:40:53: : MVC FILE NAMES FOR 5d4d0765846e91.65295377::Array
(
    [parentUID] => 
    [id] => noname
    [name] => home
    [view] => app/views/home.phtml
    [controller] => app/controllers/home.class.php
    [css] => app/views/home.css
    [js] => app/controllers/home.js
    [cache] => Array
        (
            [controller] => /Users/david/Sites/CodePhoenixOrg/SDK/php/SoL/src/runtime/app_controllers_home.class.php
            [css] => /Users/david/Sites/CodePhoenixOrg/SDK/php/SoL/src/css/runtime/app_controllers_home.css
            [js] => /Users/david/Sites/CodePhoenixOrg/SDK/php/SoL/src/js/runtime/app_controllers_home.js
        )

)



2019-08-09 07:40:53: : PARENT OBJECT::TView


2019-08-09 07:40:53: : PARENT OBJECT::Home


2019-08-09 07:40:53: : CACHE FILE NAME TO INCLUDE: /Users/david/Sites/CodePhoenixOrg/SDK/php/SoL/src/runtime/app_controllers_home.class.php

2019-08-09 07:40:53: : CLASS INFO::Dummy::


2019-08-09 07:40:53:c/phink/autoloader.php:315 : CACHED JS FILENAME: 

2019-08-09 07:40:53:c/phink/autoloader.php:322 : INCLUDE CACHED JS CONTROL: /Users/david/Sites/CodePhoenixOrg/SDK/php/SoL/src/web/js/runtime/app_controllers_dummy.js

2019-08-09 07:40:53:c/phink/autoloader.php:325 : INCLUDE CACHED CONTROL: /Users/david/Sites/CodePhoenixOrg/SDK/php/SoL/src/runtime/app_controllers_dummy.class.php

2019-08-09 07:40:53:c/phink/autoloader.php:200 : Phink\TAutoloader::includeClass::runtime/app_controllers_dummy.class.php

2019-08-09 07:40:53: : CLASS INFO::AbcArtists::


2019-08-09 07:40:53:c/phink/autoloader.php:315 : CACHED JS FILENAME: 

2019-08-09 07:40:53:c/phink/autoloader.php:322 : INCLUDE CACHED JS CONTROL: /Users/david/Sites/CodePhoenixOrg/SDK/php/SoL/src/web/js/runtime/app_controllers_abcartists.js

2019-08-09 07:40:53:c/phink/autoloader.php:325 : INCLUDE CACHED CONTROL: /Users/david/Sites/CodePhoenixOrg/SDK/php/SoL/src/runtime/app_controllers_abcartists.class.php

2019-08-09 07:40:53:c/phink/autoloader.php:200 : Phink\TAutoloader::includeClass::runtime/app_controllers_abcartists.class.php

2019-08-09 07:40:53: : CLASS INFO::AbcAlbums::


2019-08-09 07:40:53:c/phink/autoloader.php:315 : CACHED JS FILENAME: 

2019-08-09 07:40:53:c/phink/autoloader.php:322 : INCLUDE CACHED JS CONTROL: /Users/david/Sites/CodePhoenixOrg/SDK/php/SoL/src/web/js/runtime/app_controllers_abcalbums.js

2019-08-09 07:40:53:c/phink/autoloader.php:325 : INCLUDE CACHED CONTROL: /Users/david/Sites/CodePhoenixOrg/SDK/php/SoL/src/runtime/app_controllers_abcalbums.class.php

2019-08-09 07:40:53:c/phink/autoloader.php:200 : Phink\TAutoloader::includeClass::runtime/app_controllers_abcalbums.class.php

2019-08-09 07:40:53: : CLASS INFO::AbcYears::


2019-08-09 07:40:53:c/phink/autoloader.php:315 : CACHED JS FILENAME: 

2019-08-09 07:40:53:c/phink/autoloader.php:322 : INCLUDE CACHED JS CONTROL: /Users/david/Sites/CodePhoenixOrg/SDK/php/SoL/src/web/js/runtime/app_controllers_abcyears.js

2019-08-09 07:40:53:c/phink/autoloader.php:325 : INCLUDE CACHED CONTROL: /Users/david/Sites/CodePhoenixOrg/SDK/php/SoL/src/runtime/app_controllers_abcyears.class.php

2019-08-09 07:40:53:c/phink/autoloader.php:200 : Phink\TAutoloader::includeClass::runtime/app_controllers_abcyears.class.php

2019-08-09 07:40:53:c/phink/autoloader.php:200 : Phink\TAutoloader::includeClass::app/models/abcArtists.class.php

2019-08-09 07:40:53:c/phink/autoloader.php:200 : Phink\TAutoloader::includeClass::app/models/abcAlbums.class.php

2019-08-09 07:40:53:c/phink/autoloader.php:200 : Phink\TAutoloader::includeClass::app/models/abcYears.class.php

2019-08-09 07:40:53: : Phink\Core\TObject::invoke::INVOKE_ACTION::getViewHtml()

2019-08-09 07:40:53: : THIS UID::14590031485d4d07658902b2.00084187

2019-08-09 07:40:53: : MOTHER UID::11266366445d4d0765851770.94785890

2019-08-09 07:40:53: : MVC FILE NAMES FOR 19344380375d4d07658ab0a3.35884867::Array
(
    [parentUID] => 7695308385d4d07658aa426.97992768
    [id] => noname
    [name] => plugin
    [view] => vendor/phink/phink/src/phink/web/ui/widget/plugin/plugin.phtml
    [controller] => vendor/phink/phink/src/phink/web/ui/widget/plugin/plugin.class.php
    [css] => vendor/phink/phink/src/phink/web/ui/widget/plugin/plugin.css
    [js] => vendor/phink/phink/src/phink/web/ui/widget/plugin/plugin.js
    [cache] => Array
        (
            [controller] => /Users/david/Sites/CodePhoenixOrg/SDK/php/SoL/src/runtime/app_controllers_plugin.class.php
            [css] => /Users/david/Sites/CodePhoenixOrg/SDK/php/SoL/src/css/runtime/app_controllers_plugin.css
            [js] => /Users/david/Sites/CodePhoenixOrg/SDK/php/SoL/src/js/runtime/app_controllers_plugin.js
        )

)



2019-08-09 07:40:53:c/phink/mvc/custom_controller.php:74 : CACHE FILE NAME IF EXISTS : /Users/david/Sites/CodePhoenixOrg/SDK/php/SoL/src/runtime/vendor_phink_phink_src_phink_web_ui_widget_plugin_plugin.class.php

2019-08-09 07:40:53:c/phink/mvc/custom_controller.php:77 : TRUE

2019-08-09 07:40:53:c/phink/mvc/custom_view.php:131 : plugin IS REGISTERED : FALSE

2019-08-09 07:40:53:c/phink/mvc/custom_view.php:143 : PARSE SITE ROOT FILE : vendor/phink/phink/src/phink/web/ui/widget/plugin/plugin.phtml

2019-08-09 07:40:53:c/phink/mvc/custom_view.php:186 : NO NEED TO WRITE CODE: vendor/phink/phink/src/phink/web/ui/widget/plugin/plugin.class.php

2019-08-09 07:40:53: : THIS UID::5445206835d4d0765890901.13032099

2019-08-09 07:40:53: : MOTHER UID::11266366445d4d0765851770.94785890

2019-08-09 07:40:53: : MVC FILE NAMES FOR 4485350355d4d07658c7667.84007366::Array
(
    [parentUID] => 12692428275d4d07658c6ce2.31013562
    [id] => noname
    [name] => plugin
    [view] => vendor/phink/phink/src/phink/web/ui/widget/plugin/plugin.phtml
    [controller] => vendor/phink/phink/src/phink/web/ui/widget/plugin/plugin.class.php
    [css] => vendor/phink/phink/src/phink/web/ui/widget/plugin/plugin.css
    [js] => vendor/phink/phink/src/phink/web/ui/widget/plugin/plugin.js
    [cache] => Array
        (
            [controller] => /Users/david/Sites/CodePhoenixOrg/SDK/php/SoL/src/runtime/app_controllers_plugin.class.php
            [css] => /Users/david/Sites/CodePhoenixOrg/SDK/php/SoL/src/css/runtime/app_controllers_plugin.css
            [js] => /Users/david/Sites/CodePhoenixOrg/SDK/php/SoL/src/js/runtime/app_controllers_plugin.js
        )

)



2019-08-09 07:40:53:c/phink/mvc/custom_controller.php:74 : CACHE FILE NAME IF EXISTS : /Users/david/Sites/CodePhoenixOrg/SDK/php/SoL/src/runtime/vendor_phink_phink_src_phink_web_ui_widget_plugin_plugin.class.php

2019-08-09 07:40:53:c/phink/mvc/custom_controller.php:77 : TRUE

2019-08-09 07:40:53:c/phink/mvc/custom_view.php:131 : plugin IS REGISTERED : FALSE

2019-08-09 07:40:53:c/phink/mvc/custom_view.php:143 : PARSE SITE ROOT FILE : vendor/phink/phink/src/phink/web/ui/widget/plugin/plugin.phtml

2019-08-09 07:40:53:c/phink/mvc/custom_view.php:186 : NO NEED TO WRITE CODE: vendor/phink/phink/src/phink/web/ui/widget/plugin/plugin.class.php

2019-08-09 07:40:53: : THIS UID::21145050465d4d0765895541.61617413

2019-08-09 07:40:53: : MOTHER UID::11266366445d4d0765851770.94785890

2019-08-09 07:40:53: : MVC FILE NAMES FOR 16539265425d4d0765928954.95646340::Array
(
    [parentUID] => 16667481305d4d0765926497.35448143
    [id] => noname
    [name] => plugin
    [view] => vendor/phink/phink/src/phink/web/ui/widget/plugin/plugin.phtml
    [controller] => vendor/phink/phink/src/phink/web/ui/widget/plugin/plugin.class.php
    [css] => vendor/phink/phink/src/phink/web/ui/widget/plugin/plugin.css
    [js] => vendor/phink/phink/src/phink/web/ui/widget/plugin/plugin.js
    [cache] => Array
        (
            [controller] => /Users/david/Sites/CodePhoenixOrg/SDK/php/SoL/src/runtime/app_controllers_plugin.class.php
            [css] => /Users/david/Sites/CodePhoenixOrg/SDK/php/SoL/src/css/runtime/app_controllers_plugin.css
            [js] => /Users/david/Sites/CodePhoenixOrg/SDK/php/SoL/src/js/runtime/app_controllers_plugin.js
        )

)



2019-08-09 07:40:53:c/phink/mvc/custom_controller.php:74 : CACHE FILE NAME IF EXISTS : /Users/david/Sites/CodePhoenixOrg/SDK/php/SoL/src/runtime/vendor_phink_phink_src_phink_web_ui_widget_plugin_plugin.class.php

2019-08-09 07:40:53:c/phink/mvc/custom_controller.php:77 : TRUE

2019-08-09 07:40:53:c/phink/mvc/custom_view.php:131 : plugin IS REGISTERED : FALSE

2019-08-09 07:40:53:c/phink/mvc/custom_view.php:143 : PARSE SITE ROOT FILE : vendor/phink/phink/src/phink/web/ui/widget/plugin/plugin.phtml

2019-08-09 07:40:53:c/phink/mvc/custom_view.php:186 : NO NEED TO WRITE CODE: vendor/phink/phink/src/phink/web/ui/widget/plugin/plugin.class.php

2019-08-09 07:40:53: : THIS UID::20662725395d4d0765899095.34411578

2019-08-09 07:40:53: : MOTHER UID::11266366445d4d0765851770.94785890

2019-08-09 07:40:53: : URL: /

2019-08-09 07:40:53: : MATCHES: /

2019-08-09 07:40:53: : KEY: /api/playlist/([0-9]+)$

2019-08-09 07:40:53: : URL: /

2019-08-09 07:40:53: : MATCHES: /

2019-08-09 07:40:53: : KEY: /api/collection$

2019-08-09 07:40:53: : URL: /

2019-08-09 07:40:53: : MATCHES: /

2019-08-09 07:40:53: : KEY: /api/user/([0-9]+)$

2019-08-09 07:40:53: : URL: /

2019-08-09 07:40:53: : MATCHES: /views/main.phtml

2019-08-09 07:40:53: : KEY: ^/$

2019-08-09 07:40:53: : PATH::app/views/main.phtml


2019-08-09 07:40:53: : BASEURL::Array
(
    [path] => /views/main.phtml
)



2019-08-09 07:40:53: : IS FOUND::TRUE


2019-08-09 07:40:53: : PARAMETERS::Array
(
)



2019-08-09 07:40:53: : TRANSLATED ROUTE::app/views/main.phtml

2019-08-09 07:40:53: : TRANSLATED SRC ROUTE::/Users/david/Sites/CodePhoenixOrg/SDK/php/SoL/src/app/views/main.phtml

2019-08-09 07:40:53: : TRANSLATED PHINK ROUTE::/Users/david/Sites/CodePhoenixOrg/SDK/php/SoL/app/views/main.phtml

2019-08-09 07:40:53: : Phink\Auth\TAuthentication::renewToken::TOKEN::

2019-08-09 07:40:53: : MVC FILE NAMES FOR 5d4d0765b6e960.56396073::Array
(
    [parentUID] => 
    [id] => noname
    [name] => main
    [view] => app/views/main.phtml
    [controller] => app/controllers/main.class.php
    [css] => app/views/main.css
    [js] => app/controllers/main.js
    [cache] => Array
        (
            [controller] => /Users/david/Sites/CodePhoenixOrg/SDK/php/SoL/src/runtime/app_controllers_main.class.php
            [css] => /Users/david/Sites/CodePhoenixOrg/SDK/php/SoL/src/css/runtime/app_controllers_main.css
            [js] => /Users/david/Sites/CodePhoenixOrg/SDK/php/SoL/src/js/runtime/app_controllers_main.js
        )

)



2019-08-09 07:40:53: : PARENT OBJECT::TView


2019-08-09 07:40:53: : PARENT OBJECT::Main


2019-08-09 07:40:53: : CACHE FILE NAME TO INCLUDE: /Users/david/Sites/CodePhoenixOrg/SDK/php/SoL/src/runtime/app_controllers_main.class.php

2019-08-09 07:40:53: : THIS UID::4542784085d4d0765b79e28.09201526

2019-08-09 07:40:53: : MOTHER UID::5855870655d4d0765b76009.72186332

2019-08-09 07:40:55: : URL: /player.html

2019-08-09 07:40:55: : MATCHES: /player.html

2019-08-09 07:40:55: : KEY: ^/musicplayer$

2019-08-09 07:40:55: : URL: /player.html

2019-08-09 07:40:55: : MATCHES: /player.html

2019-08-09 07:40:55: : KEY: ^/master.html$

2019-08-09 07:40:55: : URL: /player.html

2019-08-09 07:40:55: : MATCHES: /player.html

2019-08-09 07:40:55: : KEY: ^/login.html$

2019-08-09 07:40:55: : URL: /player.html

2019-08-09 07:40:55: : MATCHES: /player.html

2019-08-09 07:40:55: : KEY: ^/admin.html$

2019-08-09 07:40:55: : URL: /player.html

2019-08-09 07:40:55: : MATCHES: /player.html

2019-08-09 07:40:55: : KEY: ^/home.html$

2019-08-09 07:40:55: : URL: /player.html

2019-08-09 07:40:55: : MATCHES: /views/player.phtml

2019-08-09 07:40:55: : KEY: ^/player.html$

2019-08-09 07:40:55: : PATH::app/views/player.phtml


2019-08-09 07:40:55: : BASEURL::Array
(
    [path] => /views/player.phtml
)



2019-08-09 07:40:55: : IS FOUND::TRUE


2019-08-09 07:40:55: : PARAMETERS::Array
(
)



2019-08-09 07:40:55: : TRANSLATED ROUTE::app/views/player.phtml

2019-08-09 07:40:55: : TRANSLATED SRC ROUTE::/Users/david/Sites/CodePhoenixOrg/SDK/php/SoL/src/app/views/player.phtml

2019-08-09 07:40:55: : TRANSLATED PHINK ROUTE::/Users/david/Sites/CodePhoenixOrg/SDK/php/SoL/app/views/player.phtml

2019-08-09 07:40:55: : Phink\Auth\TAuthentication::renewToken::TOKEN::MTcxMTczMjUyMTVkNGQwNzY1ODNkZGI=

2019-08-09 07:40:55: : MVC FILE NAMES FOR 5d4d07674f8815.95809913::Array
(
    [parentUID] => 
    [id] => noname
    [name] => player
    [view] => app/views/player.phtml
    [controller] => app/controllers/player.class.php
    [css] => app/views/player.css
    [js] => app/controllers/player.js
    [cache] => Array
        (
            [controller] => /Users/david/Sites/CodePhoenixOrg/SDK/php/SoL/src/runtime/app_controllers_player.class.php
            [css] => /Users/david/Sites/CodePhoenixOrg/SDK/php/SoL/src/css/runtime/app_controllers_player.css
            [js] => /Users/david/Sites/CodePhoenixOrg/SDK/php/SoL/src/js/runtime/app_controllers_player.js
        )

)



2019-08-09 07:40:55: : PARENT OBJECT::TView


2019-08-09 07:40:55: : PARENT OBJECT::Player


2019-08-09 07:40:55: : CACHE FILE NAME TO INCLUDE: /Users/david/Sites/CodePhoenixOrg/SDK/php/SoL/src/runtime/app_controllers_player.class.php

2019-08-09 07:40:55:c/phink/autoloader.php:200 : Phink\TAutoloader::includeClass::app/models/player.class.php

2019-08-09 07:40:55: : CLASS INFO::Dummy::


2019-08-09 07:40:55:c/phink/autoloader.php:315 : CACHED JS FILENAME: 

2019-08-09 07:40:55:c/phink/autoloader.php:322 : INCLUDE CACHED JS CONTROL: /Users/david/Sites/CodePhoenixOrg/SDK/php/SoL/src/web/js/runtime/app_controllers_dummy.js

2019-08-09 07:40:55:c/phink/autoloader.php:325 : INCLUDE CACHED CONTROL: /Users/david/Sites/CodePhoenixOrg/SDK/php/SoL/src/runtime/app_controllers_dummy.class.php

2019-08-09 07:40:55:c/phink/autoloader.php:200 : Phink\TAutoloader::includeClass::runtime/app_controllers_dummy.class.php

2019-08-09 07:40:55: : CLASS INFO::Collection::


2019-08-09 07:40:55:c/phink/autoloader.php:315 : CACHED JS FILENAME: 

2019-08-09 07:40:55:c/phink/autoloader.php:325 : INCLUDE CACHED CONTROL: /Users/david/Sites/CodePhoenixOrg/SDK/php/SoL/src/runtime/app_controllers_collection.class.php

2019-08-09 07:40:55:c/phink/autoloader.php:200 : Phink\TAutoloader::includeClass::runtime/app_controllers_collection.class.php

2019-08-09 07:40:55: : CLASS INFO::Playlist::


2019-08-09 07:40:55:c/phink/autoloader.php:315 : CACHED JS FILENAME: 

2019-08-09 07:40:55:c/phink/autoloader.php:325 : INCLUDE CACHED CONTROL: /Users/david/Sites/CodePhoenixOrg/SDK/php/SoL/src/runtime/app_controllers_playlist.class.php

2019-08-09 07:40:55:c/phink/autoloader.php:200 : Phink\TAutoloader::includeClass::runtime/app_controllers_playlist.class.php

2019-08-09 07:40:55:c/phink/autoloader.php:200 : Phink\TAutoloader::includeClass::app/models/collection.class.php

2019-08-09 07:40:55:c/phink/autoloader.php:200 : Phink\TAutoloader::includeClass::app/models/playlist.class.php

2019-08-09 07:40:55: : Phink\Core\TObject::invoke::INVOKE_ACTION::showPlayerByArtist("Ä")

2019-08-09 07:40:55: : LETTER::Ä

2019-08-09 07:40:55: : THIS UID::9874026835d4d0767516a03.22845460

2019-08-09 07:40:55: : MOTHER UID::16706835775d4d0767502460.72117379

2019-08-09 07:40:55: : MVC FILE NAMES FOR 2674007785d4d07676946b5.78394286::Array
(
    [parentUID] => 17435142975d4d0767693081.03901804
    [id] => noname
    [name] => plugin
    [view] => vendor/phink/phink/src/phink/web/ui/widget/plugin/plugin.phtml
    [controller] => vendor/phink/phink/src/phink/web/ui/widget/plugin/plugin.class.php
    [css] => vendor/phink/phink/src/phink/web/ui/widget/plugin/plugin.css
    [js] => vendor/phink/phink/src/phink/web/ui/widget/plugin/plugin.js
    [cache] => Array
        (
            [controller] => /Users/david/Sites/CodePhoenixOrg/SDK/php/SoL/src/runtime/app_controllers_plugin.class.php
            [css] => /Users/david/Sites/CodePhoenixOrg/SDK/php/SoL/src/css/runtime/app_controllers_plugin.css
            [js] => /Users/david/Sites/CodePhoenixOrg/SDK/php/SoL/src/js/runtime/app_controllers_plugin.js
        )

)



2019-08-09 07:40:55: : MVC FILE NAMES FOR 1251484245d4d0767696fd5.42191116::Array
(
    [parentUID] => 3129354825d4d07676969f5.28319710
    [id] => noname
    [name] => pager
    [view] => vendor/phink/phink/src/phink/web/ui/widget/pager/pager.phtml
    [controller] => vendor/phink/phink/src/phink/web/ui/widget/pager/pager.class.php
    [css] => vendor/phink/phink/src/phink/web/ui/widget/pager/pager.css
    [js] => vendor/phink/phink/src/phink/web/ui/widget/pager/pager.js
    [cache] => Array
        (
            [controller] => /Users/david/Sites/CodePhoenixOrg/SDK/php/SoL/src/runtime/app_controllers_pager.class.php
            [css] => /Users/david/Sites/CodePhoenixOrg/SDK/php/SoL/src/css/runtime/app_controllers_pager.css
            [js] => /Users/david/Sites/CodePhoenixOrg/SDK/php/SoL/src/js/runtime/app_controllers_pager.js
        )

)



2019-08-09 07:40:55:c/phink/mvc/custom_controller.php:74 : CACHE FILE NAME IF EXISTS : /Users/david/Sites/CodePhoenixOrg/SDK/php/SoL/src/runtime/vendor_phink_phink_src_phink_web_ui_widget_plugin_plugin.class.php

2019-08-09 07:40:55:c/phink/mvc/custom_controller.php:77 : TRUE

2019-08-09 07:40:55:c/phink/mvc/custom_view.php:131 : plugin IS REGISTERED : FALSE

2019-08-09 07:40:55:c/phink/mvc/custom_view.php:143 : PARSE SITE ROOT FILE : vendor/phink/phink/src/phink/web/ui/widget/plugin/plugin.phtml

2019-08-09 07:40:55:c/phink/mvc/custom_view.php:186 : NO NEED TO WRITE CODE: vendor/phink/phink/src/phink/web/ui/widget/plugin/plugin.class.php

2019-08-09 07:40:55:c/phink/mvc/custom_controller.php:74 : CACHE FILE NAME IF EXISTS : /Users/david/Sites/CodePhoenixOrg/SDK/php/SoL/src/runtime/vendor_phink_phink_src_phink_web_ui_widget_pager_pager.class.php

2019-08-09 07:40:55:c/phink/mvc/custom_controller.php:77 : TRUE

2019-08-09 07:40:55:c/phink/mvc/custom_view.php:131 : pager IS REGISTERED : FALSE

2019-08-09 07:40:55:c/phink/mvc/custom_view.php:143 : PARSE SITE ROOT FILE : vendor/phink/phink/src/phink/web/ui/widget/pager/pager.phtml

2019-08-09 07:40:55:c/phink/mvc/custom_view.php:186 : NO NEED TO WRITE CODE: vendor/phink/phink/src/phink/web/ui/widget/pager/pager.class.php

2019-08-09 07:40:55: : THIS UID::11886091165d4d0767517090.22256955

2019-08-09 07:40:55: : MOTHER UID::16706835775d4d0767502460.72117379

2019-08-09 07:40:55: : MVC FILE NAMES FOR 10983915635d4d07677228a4.40468970::Array
(
    [parentUID] => 12960508065d4d0767721ce1.42856532
    [id] => noname
    [name] => plugin
    [view] => vendor/phink/phink/src/phink/web/ui/widget/plugin/plugin.phtml
    [controller] => vendor/phink/phink/src/phink/web/ui/widget/plugin/plugin.class.php
    [css] => vendor/phink/phink/src/phink/web/ui/widget/plugin/plugin.css
    [js] => vendor/phink/phink/src/phink/web/ui/widget/plugin/plugin.js
    [cache] => Array
        (
            [controller] => /Users/david/Sites/CodePhoenixOrg/SDK/php/SoL/src/runtime/app_controllers_plugin.class.php
            [css] => /Users/david/Sites/CodePhoenixOrg/SDK/php/SoL/src/css/runtime/app_controllers_plugin.css
            [js] => /Users/david/Sites/CodePhoenixOrg/SDK/php/SoL/src/js/runtime/app_controllers_plugin.js
        )

)



2019-08-09 07:40:55:c/phink/mvc/custom_controller.php:74 : CACHE FILE NAME IF EXISTS : /Users/david/Sites/CodePhoenixOrg/SDK/php/SoL/src/runtime/vendor_phink_phink_src_phink_web_ui_widget_plugin_plugin.class.php

2019-08-09 07:40:55:c/phink/mvc/custom_controller.php:77 : TRUE

2019-08-09 07:40:55:c/phink/mvc/custom_view.php:131 : plugin IS REGISTERED : FALSE

2019-08-09 07:40:55:c/phink/mvc/custom_view.php:143 : PARSE SITE ROOT FILE : vendor/phink/phink/src/phink/web/ui/widget/plugin/plugin.phtml

2019-08-09 07:40:55:c/phink/mvc/custom_view.php:186 : NO NEED TO WRITE CODE: vendor/phink/phink/src/phink/web/ui/widget/plugin/plugin.class.php

2019-08-09 07:40:55: : THIS UID::20703034105d4d076751e623.20599850

2019-08-09 07:40:55: : MOTHER UID::16706835775d4d0767502460.72117379

2019-08-09 07:40:55: : URL: /

2019-08-09 07:40:55: : MATCHES: /

2019-08-09 07:40:55: : KEY: /api/playlist/([0-9]+)$

2019-08-09 07:40:55: : URL: /

2019-08-09 07:40:55: : MATCHES: /

2019-08-09 07:40:55: : KEY: /api/collection$

2019-08-09 07:40:55: : URL: /

2019-08-09 07:40:55: : MATCHES: /

2019-08-09 07:40:55: : KEY: /api/user/([0-9]+)$

2019-08-09 07:40:55: : URL: /

2019-08-09 07:40:55: : MATCHES: /views/main.phtml

2019-08-09 07:40:55: : KEY: ^/$

2019-08-09 07:40:55: : PATH::app/views/main.phtml


2019-08-09 07:40:55: : BASEURL::Array
(
    [path] => /views/main.phtml
)



2019-08-09 07:40:55: : IS FOUND::TRUE


2019-08-09 07:40:55: : PARAMETERS::Array
(
)



2019-08-09 07:40:55: : TRANSLATED ROUTE::app/views/main.phtml

2019-08-09 07:40:55: : TRANSLATED SRC ROUTE::/Users/david/Sites/CodePhoenixOrg/SDK/php/SoL/src/app/views/main.phtml

2019-08-09 07:40:55: : TRANSLATED PHINK ROUTE::/Users/david/Sites/CodePhoenixOrg/SDK/php/SoL/app/views/main.phtml

2019-08-09 07:40:55: : Phink\Auth\TAuthentication::renewToken::TOKEN::

2019-08-09 07:40:55: : MVC FILE NAMES FOR 5d4d0767a88395.05111185::Array
(
    [parentUID] => 
    [id] => noname
    [name] => main
    [view] => app/views/main.phtml
    [controller] => app/controllers/main.class.php
    [css] => app/views/main.css
    [js] => app/controllers/main.js
    [cache] => Array
        (
            [controller] => /Users/david/Sites/CodePhoenixOrg/SDK/php/SoL/src/runtime/app_controllers_main.class.php
            [css] => /Users/david/Sites/CodePhoenixOrg/SDK/php/SoL/src/css/runtime/app_controllers_main.css
            [js] => /Users/david/Sites/CodePhoenixOrg/SDK/php/SoL/src/js/runtime/app_controllers_main.js
        )

)



2019-08-09 07:40:55: : PARENT OBJECT::TView


2019-08-09 07:40:55: : PARENT OBJECT::Main


2019-08-09 07:40:55: : CACHE FILE NAME TO INCLUDE: /Users/david/Sites/CodePhoenixOrg/SDK/php/SoL/src/runtime/app_controllers_main.class.php

2019-08-09 07:40:55: : THIS UID::4345817665d4d0767a94ad2.27789364

2019-08-09 07:40:55: : MOTHER UID::2029823185d4d0767a8f5a6.02342820

2019-08-09 07:40:57: : URL: /player.html

2019-08-09 07:40:57: : MATCHES: /player.html

2019-08-09 07:40:57: : KEY: ^/musicplayer$

2019-08-09 07:40:57: : URL: /player.html

2019-08-09 07:40:57: : MATCHES: /player.html

2019-08-09 07:40:57: : KEY: ^/master.html$

2019-08-09 07:40:57: : URL: /player.html

2019-08-09 07:40:57: : MATCHES: /player.html

2019-08-09 07:40:57: : KEY: ^/login.html$

2019-08-09 07:40:57: : URL: /player.html

2019-08-09 07:40:57: : MATCHES: /player.html

2019-08-09 07:40:57: : KEY: ^/admin.html$

2019-08-09 07:40:57: : URL: /player.html

2019-08-09 07:40:57: : MATCHES: /player.html

2019-08-09 07:40:57: : KEY: ^/home.html$

2019-08-09 07:40:57: : URL: /player.html

2019-08-09 07:40:57: : MATCHES: /views/player.phtml

2019-08-09 07:40:57: : KEY: ^/player.html$

2019-08-09 07:40:57: : PATH::app/views/player.phtml


2019-08-09 07:40:57: : BASEURL::Array
(
    [path] => /views/player.phtml
)



2019-08-09 07:40:57: : IS FOUND::TRUE


2019-08-09 07:40:57: : PARAMETERS::Array
(
)



2019-08-09 07:40:57: : TRANSLATED ROUTE::app/views/player.phtml

2019-08-09 07:40:57: : TRANSLATED SRC ROUTE::/Users/david/Sites/CodePhoenixOrg/SDK/php/SoL/src/app/views/player.phtml

2019-08-09 07:40:57: : TRANSLATED PHINK ROUTE::/Users/david/Sites/CodePhoenixOrg/SDK/php/SoL/app/views/player.phtml

2019-08-09 07:40:57: : Phink\Auth\TAuthentication::renewToken::TOKEN::OTI0MDk3NTkwNWQ0ZDA3Njc0ZWJiOA==

2019-08-09 07:40:57: : MVC FILE NAMES FOR 5d4d0769742820.59019373::Array
(
    [parentUID] => 
    [id] => noname
    [name] => player
    [view] => app/views/player.phtml
    [controller] => app/controllers/player.class.php
    [css] => app/views/player.css
    [js] => app/controllers/player.js
    [cache] => Array
        (
            [controller] => /Users/david/Sites/CodePhoenixOrg/SDK/php/SoL/src/runtime/app_controllers_player.class.php
            [css] => /Users/david/Sites/CodePhoenixOrg/SDK/php/SoL/src/css/runtime/app_controllers_player.css
            [js] => /Users/david/Sites/CodePhoenixOrg/SDK/php/SoL/src/js/runtime/app_controllers_player.js
        )

)



2019-08-09 07:40:57: : PARENT OBJECT::TView


2019-08-09 07:40:57: : PARENT OBJECT::Player


2019-08-09 07:40:57: : CACHE FILE NAME TO INCLUDE: /Users/david/Sites/CodePhoenixOrg/SDK/php/SoL/src/runtime/app_controllers_player.class.php

2019-08-09 07:40:57:c/phink/autoloader.php:200 : Phink\TAutoloader::includeClass::app/models/player.class.php

2019-08-09 07:40:57: : CLASS INFO::Dummy::


2019-08-09 07:40:57:c/phink/autoloader.php:315 : CACHED JS FILENAME: 

2019-08-09 07:40:57:c/phink/autoloader.php:322 : INCLUDE CACHED JS CONTROL: /Users/david/Sites/CodePhoenixOrg/SDK/php/SoL/src/web/js/runtime/app_controllers_dummy.js

2019-08-09 07:40:57:c/phink/autoloader.php:325 : INCLUDE CACHED CONTROL: /Users/david/Sites/CodePhoenixOrg/SDK/php/SoL/src/runtime/app_controllers_dummy.class.php

2019-08-09 07:40:57:c/phink/autoloader.php:200 : Phink\TAutoloader::includeClass::runtime/app_controllers_dummy.class.php

2019-08-09 07:40:57: : CLASS INFO::Collection::


2019-08-09 07:40:57:c/phink/autoloader.php:315 : CACHED JS FILENAME: 

2019-08-09 07:40:57:c/phink/autoloader.php:325 : INCLUDE CACHED CONTROL: /Users/david/Sites/CodePhoenixOrg/SDK/php/SoL/src/runtime/app_controllers_collection.class.php

2019-08-09 07:40:57:c/phink/autoloader.php:200 : Phink\TAutoloader::includeClass::runtime/app_controllers_collection.class.php

2019-08-09 07:40:57: : CLASS INFO::Playlist::


2019-08-09 07:40:57:c/phink/autoloader.php:315 : CACHED JS FILENAME: 

2019-08-09 07:40:57:c/phink/autoloader.php:325 : INCLUDE CACHED CONTROL: /Users/david/Sites/CodePhoenixOrg/SDK/php/SoL/src/runtime/app_controllers_playlist.class.php

2019-08-09 07:40:57:c/phink/autoloader.php:200 : Phink\TAutoloader::includeClass::runtime/app_controllers_playlist.class.php

2019-08-09 07:40:57:c/phink/autoloader.php:200 : Phink\TAutoloader::includeClass::app/models/collection.class.php

2019-08-09 07:40:57:c/phink/autoloader.php:200 : Phink\TAutoloader::includeClass::app/models/playlist.class.php

2019-08-09 07:40:57: : Phink\Core\TObject::invoke::INVOKE_ACTION::wikiArtist("Accept")

2019-08-09 07:41:16: : URL: /console

2019-08-09 07:41:16: : MATCHES: /console

2019-08-09 07:41:16: : KEY: ^/musicplayer$

2019-08-09 07:41:16: : URL: /console

2019-08-09 07:41:16: : MATCHES: /console

2019-08-09 07:41:16: : KEY: ^/master.html$

2019-08-09 07:41:16: : URL: /console

2019-08-09 07:41:16: : MATCHES: /console

2019-08-09 07:41:16: : KEY: ^/login.html$

2019-08-09 07:41:16: : URL: /console

2019-08-09 07:41:16: : MATCHES: /console

2019-08-09 07:41:16: : KEY: ^/admin.html$

2019-08-09 07:41:16: : URL: /console

2019-08-09 07:41:16: : MATCHES: /console

2019-08-09 07:41:16: : KEY: ^/home.html$

2019-08-09 07:41:16: : URL: /console

2019-08-09 07:41:16: : MATCHES: /console

2019-08-09 07:41:16: : KEY: ^/player.html$

2019-08-09 07:41:16: : URL: /console

2019-08-09 07:41:16: : MATCHES: /console

2019-08-09 07:41:16: : KEY: ^/playlist.html$

2019-08-09 07:41:16: : URL: /console

2019-08-09 07:41:16: : MATCHES: @/console/console_window.phtml

2019-08-09 07:41:16: : KEY: ^/console$

2019-08-09 07:41:16: : PATH::vendor/phink/phink/src/apps/console/console_window.phtml


2019-08-09 07:41:16: : BASEURL::Array
(
    [path] => @/console/console_window.phtml
)



2019-08-09 07:41:16: : IS FOUND::TRUE


2019-08-09 07:41:16: : PARAMETERS::Array
(
)



2019-08-09 07:41:16: : TRANSLATED ROUTE::vendor/phink/phink/src/apps/console/console_window.phtml

2019-08-09 07:41:16: : TRANSLATED SRC ROUTE::/Users/david/Sites/CodePhoenixOrg/SDK/php/SoL/src/vendor/phink/phink/src/apps/console/console_window.phtml

2019-08-09 07:41:16: : TRANSLATED PHINK ROUTE::/Users/david/Sites/CodePhoenixOrg/SDK/php/SoL/vendor/phink/phink/src/apps/console/console_window.phtml

2019-08-09 07:41:16: : Phink\Auth\TAuthentication::renewToken::TOKEN::OTg4NzUwMTE3NWQ0ZDA3NWI2NjQwOA==

2019-08-09 07:41:16: : MVC FILE NAMES FOR 5d4d077c9263a9.66648009::Array
(
    [parentUID] => 
    [id] => noname
    [name] => console_window
    [view] => vendor/phink/phink/src/apps/console/console_window.phtml
    [controller] => vendor/phink/phink/src/apps/console/console_window.class.php
    [css] => vendor/phink/phink/src/apps/console/console_window.css
    [js] => vendor/phink/phink/src/apps/console/console_window.js
    [cache] => Array
        (
            [controller] => /Users/david/Sites/CodePhoenixOrg/SDK/php/SoL/src/runtime/app_controllers_console_window.class.php
            [css] => /Users/david/Sites/CodePhoenixOrg/SDK/php/SoL/src/css/runtime/app_controllers_console_window.css
            [js] => /Users/david/Sites/CodePhoenixOrg/SDK/php/SoL/src/js/runtime/app_controllers_console_window.js
        )

)



2019-08-09 07:41:16: : PARENT OBJECT::TView


2019-08-09 07:41:16: : PARENT OBJECT::Console_window


2019-08-09 07:41:16: : CACHE FILE NAME TO INCLUDE: /Users/david/Sites/CodePhoenixOrg/SDK/php/SoL/src/runtime/vendor_phink_phink_src_apps_console_console_window.class.php

2019-08-09 07:41:16: : Phink\Core\TObject::invoke::INVOKE_ACTION::displayDebugLog()

